<?xml version="1.0" encoding="UTF-8"?>
<testng-results skipped="0" failed="0" total="6" passed="6">
  <reporter-output>
  </reporter-output>
  <suite name="Suite" duration-ms="21204" started-at="2017-03-23T19:53:00Z" finished-at="2017-03-23T19:53:21Z">
    <groups>
    </groups>
    <test name="Test" duration-ms="21204" started-at="2017-03-23T19:53:00Z" finished-at="2017-03-23T19:53:21Z">
      <class name="TestNG.PasswordResetTC">
        <test-method status="PASS" signature="setupBrowser()[pri:0, instance:TestNG.PasswordResetTC@3cda1055]" name="setupBrowser" is-config="true" duration-ms="8912" started-at="2017-03-23T15:53:00Z" finished-at="2017-03-23T15:53:09Z">
          <reporter-output>
          </reporter-output>
        </test-method> <!-- setupBrowser -->
        <test-method status="PASS" signature="loginWithGivenCredentials()[pri:1, instance:TestNG.PasswordResetTC@3cda1055]" name="loginWithGivenCredentials" duration-ms="1826" started-at="2017-03-23T15:53:09Z" finished-at="2017-03-23T15:53:11Z">
          <reporter-output>
          </reporter-output>
        </test-method> <!-- loginWithGivenCredentials -->
        <test-method status="PASS" signature="changePassword()[pri:2, instance:TestNG.PasswordResetTC@3cda1055]" name="changePassword" duration-ms="654" started-at="2017-03-23T15:53:11Z" finished-at="2017-03-23T15:53:11Z">
          <reporter-output>
          </reporter-output>
        </test-method> <!-- changePassword -->
        <test-method status="PASS" signature="loginAfterPwdChange()[pri:3, instance:TestNG.PasswordResetTC@3cda1055]" name="loginAfterPwdChange" duration-ms="673" started-at="2017-03-23T15:53:11Z" finished-at="2017-03-23T15:53:12Z">
          <reporter-output>
          </reporter-output>
        </test-method> <!-- loginAfterPwdChange -->
        <test-method status="PASS" signature="addCustomer()[pri:4, instance:TestNG.PasswordResetTC@3cda1055]" name="addCustomer" duration-ms="2243" started-at="2017-03-23T15:53:12Z" finished-at="2017-03-23T15:53:14Z">
          <reporter-output>
          </reporter-output>
        </test-method> <!-- addCustomer -->
        <test-method status="PASS" signature="deleteAccount()[pri:5, instance:TestNG.PasswordResetTC@3cda1055]" name="deleteAccount" duration-ms="5837" started-at="2017-03-23T15:53:14Z" finished-at="2017-03-23T15:53:20Z">
          <reporter-output>
          </reporter-output>
        </test-method> <!-- deleteAccount -->
        <test-method status="PASS" signature="miniStatementCheck()[pri:6, instance:TestNG.PasswordResetTC@3cda1055]" name="miniStatementCheck" duration-ms="1016" started-at="2017-03-23T15:53:20Z" finished-at="2017-03-23T15:53:21Z">
          <reporter-output>
          </reporter-output>
        </test-method> <!-- miniStatementCheck -->
      </class> <!-- TestNG.PasswordResetTC -->
    </test> <!-- Test -->
  </suite> <!-- Suite -->
</testng-results>
