<?xml version="1.0" encoding="UTF-8"?>
<testsuite name="TestSuite" time="12.988" tests="6" errors="0" skipped="0" failures="0">
  <properties>
[...]
</properties>
  <testcase name="loginWithGivenCredentials" classname="TestNG.PasswordResetTC" time="1.929"/>
  <testcase name="changePassword" classname="TestNG.PasswordResetTC" time="0.712"/>
  <testcase name="loginAfterPwdChange" classname="TestNG.PasswordResetTC" time="0.714"/>
  <testcase name="addCustomer" classname="TestNG.PasswordResetTC" time="2.284"/>
  <testcase name="deleteAccount" classname="TestNG.PasswordResetTC" time="6.046"/>
  <testcase name="miniStatementCheck" classname="TestNG.PasswordResetTC" time="1.303"/>
</testsuite>