<?xml version="1.0" encoding="UTF-8"?>
<testng-results skipped="0" failed="0" total="4" passed="4">
  <reporter-output>
  </reporter-output>
  <suite name="TestNG.NewTest" duration-ms="63609" started-at="2017-02-28T20:23:08Z" finished-at="2017-02-28T20:24:11Z">
    <groups>
    </groups>
    <test name="Command line test" duration-ms="63609" started-at="2017-02-28T20:23:08Z" finished-at="2017-02-28T20:24:11Z">
      <class name="TestNG.NewTest">
        <test-method status="PASS" signature="setUp()[pri:0, instance:TestNG.NewTest@1e127982]" name="setUp" is-config="true" duration-ms="8582" started-at="2017-02-28T15:23:08Z" finished-at="2017-02-28T15:23:16Z">
          <reporter-output>
          </reporter-output>
        </test-method> <!-- setUp -->
        <test-method status="PASS" signature="testcase(java.lang.String, java.lang.String)[pri:0, instance:TestNG.NewTest@1e127982]" name="testcase" duration-ms="7671" started-at="2017-02-28T15:23:16Z" data-provider="GuruTest" finished-at="2017-02-28T15:23:24Z">
          <params>
            <param index="0">
              <value>
                <![CDATA[mngr66223]]>
              </value>
            </param>
            <param index="1">
              <value>
                <![CDATA[rEpegYh]]>
              </value>
            </param>
          </params>
          <reporter-output>
          </reporter-output>
        </test-method> <!-- testcase -->
        <test-method status="PASS" signature="afterTest()[pri:0, instance:TestNG.NewTest@1e127982]" name="afterTest" is-config="true" duration-ms="1356" started-at="2017-02-28T15:23:24Z" finished-at="2017-02-28T15:23:25Z">
          <reporter-output>
          </reporter-output>
        </test-method> <!-- afterTest -->
        <test-method status="PASS" signature="setUp()[pri:0, instance:TestNG.NewTest@1e127982]" name="setUp" is-config="true" duration-ms="6133" started-at="2017-02-28T15:23:25Z" finished-at="2017-02-28T15:23:31Z">
          <reporter-output>
          </reporter-output>
        </test-method> <!-- setUp -->
        <test-method status="PASS" signature="testcase(java.lang.String, java.lang.String)[pri:0, instance:TestNG.NewTest@1e127982]" name="testcase" duration-ms="7283" started-at="2017-02-28T15:23:31Z" data-provider="GuruTest" finished-at="2017-02-28T15:23:39Z">
          <params>
            <param index="0">
              <value>
                <![CDATA[invalidu]]>
              </value>
            </param>
            <param index="1">
              <value>
                <![CDATA[rEpegYh]]>
              </value>
            </param>
          </params>
          <reporter-output>
          </reporter-output>
        </test-method> <!-- testcase -->
        <test-method status="PASS" signature="afterTest()[pri:0, instance:TestNG.NewTest@1e127982]" name="afterTest" is-config="true" duration-ms="1252" started-at="2017-02-28T15:23:39Z" finished-at="2017-02-28T15:23:40Z">
          <reporter-output>
          </reporter-output>
        </test-method> <!-- afterTest -->
        <test-method status="PASS" signature="setUp()[pri:0, instance:TestNG.NewTest@1e127982]" name="setUp" is-config="true" duration-ms="7020" started-at="2017-02-28T15:23:40Z" finished-at="2017-02-28T15:23:47Z">
          <reporter-output>
          </reporter-output>
        </test-method> <!-- setUp -->
        <test-method status="PASS" signature="testcase(java.lang.String, java.lang.String)[pri:0, instance:TestNG.NewTest@1e127982]" name="testcase" duration-ms="7204" started-at="2017-02-28T15:23:47Z" data-provider="GuruTest" finished-at="2017-02-28T15:23:54Z">
          <params>
            <param index="0">
              <value>
                <![CDATA[mngr66223]]>
              </value>
            </param>
            <param index="1">
              <value>
                <![CDATA[invalidp]]>
              </value>
            </param>
          </params>
          <reporter-output>
          </reporter-output>
        </test-method> <!-- testcase -->
        <test-method status="PASS" signature="afterTest()[pri:0, instance:TestNG.NewTest@1e127982]" name="afterTest" is-config="true" duration-ms="1480" started-at="2017-02-28T15:23:54Z" finished-at="2017-02-28T15:23:56Z">
          <reporter-output>
          </reporter-output>
        </test-method> <!-- afterTest -->
        <test-method status="PASS" signature="setUp()[pri:0, instance:TestNG.NewTest@1e127982]" name="setUp" is-config="true" duration-ms="6839" started-at="2017-02-28T15:23:56Z" finished-at="2017-02-28T15:24:03Z">
          <reporter-output>
          </reporter-output>
        </test-method> <!-- setUp -->
        <test-method status="PASS" signature="testcase(java.lang.String, java.lang.String)[pri:0, instance:TestNG.NewTest@1e127982]" name="testcase" duration-ms="7376" started-at="2017-02-28T15:24:03Z" data-provider="GuruTest" finished-at="2017-02-28T15:24:10Z">
          <params>
            <param index="0">
              <value>
                <![CDATA[invalidu]]>
              </value>
            </param>
            <param index="1">
              <value>
                <![CDATA[invalidp]]>
              </value>
            </param>
          </params>
          <reporter-output>
          </reporter-output>
        </test-method> <!-- testcase -->
        <test-method status="PASS" signature="afterTest()[pri:0, instance:TestNG.NewTest@1e127982]" name="afterTest" is-config="true" duration-ms="1297" started-at="2017-02-28T15:24:10Z" finished-at="2017-02-28T15:24:11Z">
          <reporter-output>
          </reporter-output>
        </test-method> <!-- afterTest -->
      </class> <!-- TestNG.NewTest -->
    </test> <!-- Command line test -->
  </suite> <!-- TestNG.NewTest -->
</testng-results>
