<?xml version="1.0" encoding="UTF-8"?>
<!-- Generated by org.testng.reporters.JUnitXMLReporter -->
<testsuite hostname="DESKTOP-616A99I" ignored="0" name="Test" tests="4" failures="0" timestamp="28 Feb 2017 05:02:37 GMT" time="61.327" errors="0">
  <testcase name="testcase" time="6.943" classname="TestNG.NewTest"/>
  <testcase name="testcase" time="6.973" classname="TestNG.NewTest"/>
  <testcase name="testcase" time="6.862" classname="TestNG.NewTest"/>
  <testcase name="testcase" time="6.841" classname="TestNG.NewTest"/>
</testsuite> <!-- Test -->
