<?xml version="1.0" encoding="UTF-8"?>
<testng-results skipped="0" failed="0" ignored="0" total="8" passed="8">
  <reporter-output>
  </reporter-output>
  <suite name="Suite" duration-ms="83530" started-at="2017-03-02T04:26:25Z" finished-at="2017-03-02T04:27:48Z">
    <groups>
    </groups>
    <test name="Test" duration-ms="83530" started-at="2017-03-02T04:26:25Z" finished-at="2017-03-02T04:27:48Z">
      <class name="TestNG.FirefoxLoginUsingDataProvider">
        <test-method status="PASS" signature="setUp()[pri:0, instance:TestNG.FirefoxLoginUsingDataProvider@5c072e3f]" name="setUp" is-config="true" duration-ms="11417" started-at="2017-03-01T23:26:25Z" finished-at="2017-03-01T23:26:37Z">
          <reporter-output>
          </reporter-output>
        </test-method> <!-- setUp -->
        <test-method status="PASS" signature="testcaseFirefox(java.lang.String, java.lang.String)[pri:0, instance:TestNG.FirefoxLoginUsingDataProvider@5c072e3f]" name="testcaseFirefox" duration-ms="7519" started-at="2017-03-01T23:26:37Z" data-provider="GuruTest" finished-at="2017-03-01T23:26:44Z">
          <params>
            <param index="0">
              <value>
                <![CDATA[mngr66223]]>
              </value>
            </param>
            <param index="1">
              <value>
                <![CDATA[rEpegYh]]>
              </value>
            </param>
          </params>
          <reporter-output>
          </reporter-output>
        </test-method> <!-- testcaseFirefox -->
        <test-method status="PASS" signature="afterTest()[pri:0, instance:TestNG.FirefoxLoginUsingDataProvider@5c072e3f]" name="afterTest" is-config="true" duration-ms="1744" started-at="2017-03-01T23:26:44Z" finished-at="2017-03-01T23:26:46Z">
          <reporter-output>
          </reporter-output>
        </test-method> <!-- afterTest -->
        <test-method status="PASS" signature="setUp()[pri:0, instance:TestNG.FirefoxLoginUsingDataProvider@5c072e3f]" name="setUp" is-config="true" duration-ms="6097" started-at="2017-03-01T23:26:46Z" finished-at="2017-03-01T23:26:52Z">
          <reporter-output>
          </reporter-output>
        </test-method> <!-- setUp -->
        <test-method status="PASS" signature="testcaseFirefox(java.lang.String, java.lang.String)[pri:0, instance:TestNG.FirefoxLoginUsingDataProvider@5c072e3f]" name="testcaseFirefox" duration-ms="7015" started-at="2017-03-01T23:26:52Z" data-provider="GuruTest" finished-at="2017-03-01T23:26:59Z">
          <params>
            <param index="0">
              <value>
                <![CDATA[invalidu]]>
              </value>
            </param>
            <param index="1">
              <value>
                <![CDATA[rEpegYh]]>
              </value>
            </param>
          </params>
          <reporter-output>
          </reporter-output>
        </test-method> <!-- testcaseFirefox -->
        <test-method status="PASS" signature="afterTest()[pri:0, instance:TestNG.FirefoxLoginUsingDataProvider@5c072e3f]" name="afterTest" is-config="true" duration-ms="1143" started-at="2017-03-01T23:26:59Z" finished-at="2017-03-01T23:27:00Z">
          <reporter-output>
          </reporter-output>
        </test-method> <!-- afterTest -->
        <test-method status="PASS" signature="setUp()[pri:0, instance:TestNG.FirefoxLoginUsingDataProvider@5c072e3f]" name="setUp" is-config="true" duration-ms="6558" started-at="2017-03-01T23:27:00Z" finished-at="2017-03-01T23:27:07Z">
          <reporter-output>
          </reporter-output>
        </test-method> <!-- setUp -->
        <test-method status="PASS" signature="testcaseFirefox(java.lang.String, java.lang.String)[pri:0, instance:TestNG.FirefoxLoginUsingDataProvider@5c072e3f]" name="testcaseFirefox" duration-ms="7071" started-at="2017-03-01T23:27:07Z" data-provider="GuruTest" finished-at="2017-03-01T23:27:14Z">
          <params>
            <param index="0">
              <value>
                <![CDATA[mngr66223]]>
              </value>
            </param>
            <param index="1">
              <value>
                <![CDATA[invalidp]]>
              </value>
            </param>
          </params>
          <reporter-output>
          </reporter-output>
        </test-method> <!-- testcaseFirefox -->
        <test-method status="PASS" signature="afterTest()[pri:0, instance:TestNG.FirefoxLoginUsingDataProvider@5c072e3f]" name="afterTest" is-config="true" duration-ms="1051" started-at="2017-03-01T23:27:14Z" finished-at="2017-03-01T23:27:15Z">
          <reporter-output>
          </reporter-output>
        </test-method> <!-- afterTest -->
        <test-method status="PASS" signature="setUp()[pri:0, instance:TestNG.FirefoxLoginUsingDataProvider@5c072e3f]" name="setUp" is-config="true" duration-ms="5550" started-at="2017-03-01T23:27:15Z" finished-at="2017-03-01T23:27:20Z">
          <reporter-output>
          </reporter-output>
        </test-method> <!-- setUp -->
        <test-method status="PASS" signature="testcaseFirefox(java.lang.String, java.lang.String)[pri:0, instance:TestNG.FirefoxLoginUsingDataProvider@5c072e3f]" name="testcaseFirefox" duration-ms="7028" started-at="2017-03-01T23:27:20Z" data-provider="GuruTest" finished-at="2017-03-01T23:27:27Z">
          <params>
            <param index="0">
              <value>
                <![CDATA[invalidu]]>
              </value>
            </param>
            <param index="1">
              <value>
                <![CDATA[invalidp]]>
              </value>
            </param>
          </params>
          <reporter-output>
          </reporter-output>
        </test-method> <!-- testcaseFirefox -->
        <test-method status="PASS" signature="afterTest()[pri:0, instance:TestNG.FirefoxLoginUsingDataProvider@5c072e3f]" name="afterTest" is-config="true" duration-ms="1016" started-at="2017-03-01T23:27:27Z" finished-at="2017-03-01T23:27:28Z">
          <reporter-output>
          </reporter-output>
        </test-method> <!-- afterTest -->
      </class> <!-- TestNG.FirefoxLoginUsingDataProvider -->
      <class name="TestNG.ChromeLoginUsingDataDriven">
        <test-method status="PASS" signature="setUpChrome()[pri:0, instance:TestNG.ChromeLoginUsingDataDriven@4d1b0d2a]" name="setUpChrome" is-config="true" duration-ms="4545" started-at="2017-03-01T23:27:29Z" finished-at="2017-03-01T23:27:34Z">
          <reporter-output>
          </reporter-output>
        </test-method> <!-- setUpChrome -->
        <test-method status="PASS" signature="loginVerifyUsingExcelData(java.lang.String, java.lang.String)[pri:0, instance:TestNG.ChromeLoginUsingDataDriven@4d1b0d2a]" name="loginVerifyUsingExcelData" duration-ms="596" started-at="2017-03-01T23:27:34Z" data-provider="Authentication" finished-at="2017-03-01T23:27:34Z">
          <params>
            <param index="0">
              <value>
                <![CDATA[mngr66223]]>
              </value>
            </param>
            <param index="1">
              <value>
                <![CDATA[rEpegYh]]>
              </value>
            </param>
          </params>
          <reporter-output>
          </reporter-output>
        </test-method> <!-- loginVerifyUsingExcelData -->
        <test-method status="PASS" signature="afterTest()[pri:0, instance:TestNG.ChromeLoginUsingDataDriven@4d1b0d2a]" name="afterTest" is-config="true" duration-ms="835" started-at="2017-03-01T23:27:34Z" finished-at="2017-03-01T23:27:35Z">
          <reporter-output>
          </reporter-output>
        </test-method> <!-- afterTest -->
        <test-method status="PASS" signature="setUpChrome()[pri:0, instance:TestNG.ChromeLoginUsingDataDriven@4d1b0d2a]" name="setUpChrome" is-config="true" duration-ms="3149" started-at="2017-03-01T23:27:35Z" finished-at="2017-03-01T23:27:38Z">
          <reporter-output>
          </reporter-output>
        </test-method> <!-- setUpChrome -->
        <test-method status="PASS" signature="loginVerifyUsingExcelData(java.lang.String, java.lang.String)[pri:0, instance:TestNG.ChromeLoginUsingDataDriven@4d1b0d2a]" name="loginVerifyUsingExcelData" duration-ms="422" started-at="2017-03-01T23:27:38Z" data-provider="Authentication" finished-at="2017-03-01T23:27:39Z">
          <params>
            <param index="0">
              <value>
                <![CDATA[invalidusername]]>
              </value>
            </param>
            <param index="1">
              <value>
                <![CDATA[rEpegYh]]>
              </value>
            </param>
          </params>
          <reporter-output>
          </reporter-output>
        </test-method> <!-- loginVerifyUsingExcelData -->
        <test-method status="PASS" signature="afterTest()[pri:0, instance:TestNG.ChromeLoginUsingDataDriven@4d1b0d2a]" name="afterTest" is-config="true" duration-ms="765" started-at="2017-03-01T23:27:39Z" finished-at="2017-03-01T23:27:39Z">
          <reporter-output>
          </reporter-output>
        </test-method> <!-- afterTest -->
        <test-method status="PASS" signature="setUpChrome()[pri:0, instance:TestNG.ChromeLoginUsingDataDriven@4d1b0d2a]" name="setUpChrome" is-config="true" duration-ms="3003" started-at="2017-03-01T23:27:39Z" finished-at="2017-03-01T23:27:42Z">
          <reporter-output>
          </reporter-output>
        </test-method> <!-- setUpChrome -->
        <test-method status="PASS" signature="loginVerifyUsingExcelData(java.lang.String, java.lang.String)[pri:0, instance:TestNG.ChromeLoginUsingDataDriven@4d1b0d2a]" name="loginVerifyUsingExcelData" duration-ms="430" started-at="2017-03-01T23:27:42Z" data-provider="Authentication" finished-at="2017-03-01T23:27:43Z">
          <params>
            <param index="0">
              <value>
                <![CDATA[mngr66223]]>
              </value>
            </param>
            <param index="1">
              <value>
                <![CDATA[invalidpwd]]>
              </value>
            </param>
          </params>
          <reporter-output>
          </reporter-output>
        </test-method> <!-- loginVerifyUsingExcelData -->
        <test-method status="PASS" signature="afterTest()[pri:0, instance:TestNG.ChromeLoginUsingDataDriven@4d1b0d2a]" name="afterTest" is-config="true" duration-ms="750" started-at="2017-03-01T23:27:43Z" finished-at="2017-03-01T23:27:44Z">
          <reporter-output>
          </reporter-output>
        </test-method> <!-- afterTest -->
        <test-method status="PASS" signature="setUpChrome()[pri:0, instance:TestNG.ChromeLoginUsingDataDriven@4d1b0d2a]" name="setUpChrome" is-config="true" duration-ms="3724" started-at="2017-03-01T23:27:44Z" finished-at="2017-03-01T23:27:47Z">
          <reporter-output>
          </reporter-output>
        </test-method> <!-- setUpChrome -->
        <test-method status="PASS" signature="loginVerifyUsingExcelData(java.lang.String, java.lang.String)[pri:0, instance:TestNG.ChromeLoginUsingDataDriven@4d1b0d2a]" name="loginVerifyUsingExcelData" duration-ms="399" started-at="2017-03-01T23:27:47Z" data-provider="Authentication" finished-at="2017-03-01T23:27:48Z">
          <params>
            <param index="0">
              <value>
                <![CDATA[invalidusername]]>
              </value>
            </param>
            <param index="1">
              <value>
                <![CDATA[invalidpwd]]>
              </value>
            </param>
          </params>
          <reporter-output>
          </reporter-output>
        </test-method> <!-- loginVerifyUsingExcelData -->
        <test-method status="PASS" signature="afterTest()[pri:0, instance:TestNG.ChromeLoginUsingDataDriven@4d1b0d2a]" name="afterTest" is-config="true" duration-ms="755" started-at="2017-03-01T23:27:48Z" finished-at="2017-03-01T23:27:48Z">
          <reporter-output>
          </reporter-output>
        </test-method> <!-- afterTest -->
      </class> <!-- TestNG.ChromeLoginUsingDataDriven -->
    </test> <!-- Test -->
  </suite> <!-- Suite -->
</testng-results>
