<?xml version="1.0" encoding="UTF-8"?>
<testng-results skipped="0" failed="0" ignored="0" total="6" passed="6">
  <reporter-output>
  </reporter-output>
  <suite name="Default suite" duration-ms="19020" started-at="2017-03-10T02:11:18Z" finished-at="2017-03-10T02:11:37Z">
    <groups>
    </groups>
    <test name="Default test" duration-ms="19020" started-at="2017-03-10T02:11:18Z" finished-at="2017-03-10T02:11:37Z">
      <class name="TestNG.PasswordResetTC">
        <test-method status="PASS" signature="setupBrowser()[pri:0, instance:TestNG.PasswordResetTC@6eceb130]" name="setupBrowser" is-config="true" duration-ms="6466" started-at="2017-03-09T21:11:18Z" finished-at="2017-03-09T21:11:25Z">
          <reporter-output>
          </reporter-output>
        </test-method> <!-- setupBrowser -->
        <test-method status="PASS" signature="loginWithGivenCredentials()[pri:1, instance:TestNG.PasswordResetTC@6eceb130]" name="loginWithGivenCredentials" duration-ms="1793" started-at="2017-03-09T21:11:25Z" finished-at="2017-03-09T21:11:26Z">
          <reporter-output>
          </reporter-output>
        </test-method> <!-- loginWithGivenCredentials -->
        <test-method status="PASS" signature="changePassword()[pri:2, instance:TestNG.PasswordResetTC@6eceb130]" name="changePassword" duration-ms="871" started-at="2017-03-09T21:11:26Z" finished-at="2017-03-09T21:11:27Z">
          <reporter-output>
          </reporter-output>
        </test-method> <!-- changePassword -->
        <test-method status="PASS" signature="loginAfterPwdChange()[pri:3, instance:TestNG.PasswordResetTC@6eceb130]" name="loginAfterPwdChange" duration-ms="691" started-at="2017-03-09T21:11:27Z" finished-at="2017-03-09T21:11:28Z">
          <reporter-output>
          </reporter-output>
        </test-method> <!-- loginAfterPwdChange -->
        <test-method status="PASS" signature="addCustomer()[pri:4, instance:TestNG.PasswordResetTC@6eceb130]" name="addCustomer" duration-ms="2521" started-at="2017-03-09T21:11:28Z" finished-at="2017-03-09T21:11:30Z">
          <reporter-output>
          </reporter-output>
        </test-method> <!-- addCustomer -->
        <test-method status="PASS" signature="deleteAccount()[pri:5, instance:TestNG.PasswordResetTC@6eceb130]" name="deleteAccount" duration-ms="5859" started-at="2017-03-09T21:11:30Z" finished-at="2017-03-09T21:11:36Z">
          <reporter-output>
          </reporter-output>
        </test-method> <!-- deleteAccount -->
        <test-method status="PASS" signature="miniStatementCheck()[pri:6, instance:TestNG.PasswordResetTC@6eceb130]" name="miniStatementCheck" duration-ms="773" started-at="2017-03-09T21:11:36Z" finished-at="2017-03-09T21:11:37Z">
          <reporter-output>
          </reporter-output>
        </test-method> <!-- miniStatementCheck -->
      </class> <!-- TestNG.PasswordResetTC -->
    </test> <!-- Default test -->
  </suite> <!-- Default suite -->
</testng-results>
