<?xml version="1.0" encoding="UTF-8"?>
<!-- Generated by org.testng.reporters.JUnitXMLReporter -->
<testsuite hostname="DESKTOP-616A99I" name="Default test" tests="6" failures="0" timestamp="22 Mar 2017 15:06:57 GMT" time="23.609" errors="0">
  <testcase name="loginWithGivenCredentials" time="2.113" classname="TestNG.PasswordResetTC"/>
  <testcase name="changePassword" time="0.667" classname="TestNG.PasswordResetTC"/>
  <testcase name="loginAfterPwdChange" time="0.632" classname="TestNG.PasswordResetTC"/>
  <testcase name="addCustomer" time="2.268" classname="TestNG.PasswordResetTC"/>
  <testcase name="deleteAccount" time="5.953" classname="TestNG.PasswordResetTC"/>
  <testcase name="miniStatementCheck" time="1.01" classname="TestNG.PasswordResetTC"/>
</testsuite> <!-- Default test -->
