<?xml version="1.0" encoding="UTF-8"?>
<!-- Generated by org.testng.reporters.JUnitXMLReporter -->
<testsuite hostname="DESKTOP-616A99I" name="Command line test" tests="4" failures="0" timestamp="28 Feb 2017 20:24:11 GMT" time="63.609" errors="0">
  <testcase name="testcase" time="7.671" classname="TestNG.NewTest"/>
  <testcase name="testcase" time="7.283" classname="TestNG.NewTest"/>
  <testcase name="testcase" time="7.204" classname="TestNG.NewTest"/>
  <testcase name="testcase" time="7.376" classname="TestNG.NewTest"/>
</testsuite> <!-- Command line test -->
