<?xml version="1.0" encoding="UTF-8"?>
<!-- Generated by org.testng.reporters.JUnitXMLReporter -->
<testsuite hostname="DESKTOP-616A99I" name="Test" tests="6" failures="0" timestamp="22 Mar 2017 16:29:31 GMT" time="18.676" errors="0">
  <testcase name="loginWithGivenCredentials" time="1.945" classname="TestNG.PasswordResetTC"/>
  <testcase name="changePassword" time="1.05" classname="TestNG.PasswordResetTC"/>
  <testcase name="loginAfterPwdChange" time="0.738" classname="TestNG.PasswordResetTC"/>
  <testcase name="addCustomer" time="2.234" classname="TestNG.PasswordResetTC"/>
  <testcase name="deleteAccount" time="5.913" classname="TestNG.PasswordResetTC"/>
  <testcase name="miniStatementCheck" time="0.99" classname="TestNG.PasswordResetTC"/>
</testsuite> <!-- Test -->
