<?xml version="1.0" encoding="UTF-8"?>
<!-- Generated by org.testng.reporters.JUnitXMLReporter -->
<testsuite hostname="DESKTOP-616A99I" name="Test" tests="6" failures="0" timestamp="22 Mar 2017 15:59:05 GMT" time="27.259" errors="0">
  <testcase name="loginWithGivenCredentials" time="1.927" classname="TestNG.PasswordResetTC"/>
  <testcase name="changePassword" time="0.713" classname="TestNG.PasswordResetTC"/>
  <testcase name="loginAfterPwdChange" time="0.714" classname="TestNG.PasswordResetTC"/>
  <testcase name="addCustomer" time="2.282" classname="TestNG.PasswordResetTC"/>
  <testcase name="deleteAccount" time="6.046" classname="TestNG.PasswordResetTC"/>
  <testcase name="miniStatementCheck" time="1.301" classname="TestNG.PasswordResetTC"/>
</testsuite> <!-- Test -->
